1767364303242	geckodriver	INFO	Listening on 127.0.0.1:50525
1767364303293	mozrunner::runner	INFO	Running command: MOZ_CRASHREPORTER="1" MOZ_CRASHREPORTER_NO_REPORT="1" MOZ_CRASHREPORTER_SHUTDOWN="1" "/Applications/Firefox. ... s" "localhost" "-foreground" "-no-remote" "-profile" "/var/folders/j4/rb3bmw5j62b19vrd8wjnrfmc0000gn/T/rust_mozprofilevJLF5r"
console.warn: services.settings: Ignoring preference override of remote settings server
console.warn: services.settings: Allow by setting MOZ_REMOTE_SETTINGS_DEVTOOLS=1 in the environment
1767364304055	Marionette	INFO	Marionette enabled
2026-01-02 14:31:44.165 Firefox GPU Helper[70678:1094427] Failure on line 687 in function id scheduleApplicationNotification(LSNotificationCode, NSWorkspaceNotificationCenter *): noErr == _LSModifyNotification(notificationID, 1, &code, 0, NULL, NULL, NULL)
2026-01-02 14:31:44.354 Firefox GPU Helper[70678:1094439] Connection Invalid error for service com.apple.hiservices-xpcservice.
2026-01-02 14:31:44.354 Firefox GPU Helper[70678:1094427] Error received in message reply handler: Connection invalid
1767364304365	Marionette	INFO	Listening on port 50537
Read port: 50537
WebDriver BiDi listening on ws://127.0.0.1:50526
1767364304485	RemoteAgent	WARN	TLS certificate errors will be ignored for this session
UNSUPPORTED (log once): POSSIBLE ISSUE: unit 1 GLD_TEXTURE_INDEX_2D is unloadable and bound to sampler type (Float) - using zero texture because texture unloadable
1767364306050	Marionette	WARN	Ignoring event 'pageshow' because document has an invalid readyState of 'uninitialized'.
1767364306265	Marionette	INFO	Stopped listening on port 50537
console.error: "Failed to fetch https://spocs.getpocket.com/user:" "NetworkError when attempting to fetch resource."
console.error: (new TypeError("NetworkError when attempting to fetch resource.", ""))
console.error: (new Error("OHTTP was configured for https://ads.mozilla.org/v1/delete_user but we couldn't fetch a valid config", "moz-src:///browser/modules/ContextId.sys.mjs", 234))
console.warn: TopSitesFeed: Failed to fetch data from MARS server: NetworkError when attempting to fetch resource.
JavaScript error: resource://gre/modules/ObliviousHTTP.sys.mjs, line 117: NS_ERROR_XPC_CANT_CONVERT_PRIMITIVE_TO_ARRAY: Cannot convert primitive JavaScript value into an array arg 2 [nsIObliviousHttpService.newChannel]
